{"name": "Заглушки для навигации по сайту", "status": "broken", "statusDetails": {"message": "selenium.common.exceptions.ElementClickInterceptedException: Message: element click intercepted: Element <button class=\"s__dqLrjmV81lbY2ctpQQWt s__WErm7_CLb_ylgTog3lrX s__OWNGeBF_djpi7qoBOxk4 s__f1UsosWbVEKg57lLhkEC s__ceBrcQp1NVw3cf8D8Rmt s__QG57CDYt18nQkX5cErTG\" type=\"button\" data-test-id=\"choose-destination-button\">...</button> is not clickable at point (720, 640). Other element would receive the click: <div class=\"s__iPfYoBmp1qVHqkPI5MCQ s__Lrz8pict9CWP2T8btbYb\" data-test-id=\"text\">...</div>\n  (Session info: chrome=131.0.6778.265)\nStacktrace:\n0   chromedriver                        0x0000000102e4a138 cxxbridge1$str$ptr + 3653888\n1   chromedriver                        0x0000000102e42988 cxxbridge1$str$ptr + 3623248\n2   chromedriver                        0x00000001028a8968 cxxbridge1$string$len + 89228\n3   chromedriver                        0x00000001028f25e0 cxxbridge1$string$len + 391428\n4   chromedriver                        0x00000001028f0c30 cxxbridge1$string$len + 384852\n5   chromedriver                        0x00000001028eeb74 cxxbridge1$string$len + 376472\n6   chromedriver                        0x00000001028edfac cxxbridge1$string$len + 373456\n7   chromedriver                        0x00000001028e3470 cxxbridge1$string$len + 329620\n8   chromedriver                        0x00000001028e2ec4 cxxbridge1$string$len + 328168\n9   chromedriver                        0x00000001029264f0 cxxbridge1$string$len + 604180\n10  chromedriver                        0x00000001028e1564 cxxbridge1$string$len + 321672\n11  chromedriver                        0x00000001028e21b4 cxxbridge1$string$len + 324824\n12  chromedriver                        0x0000000102e14fc0 cxxbridge1$str$ptr + 3436424\n13  chromedriver                        0x0000000102e182dc cxxbridge1$str$ptr + 3449508\n14  chromedriver                        0x0000000102dfbe60 cxxbridge1$str$ptr + 3333672\n15  chromedriver                        0x0000000102e18b9c cxxbridge1$str$ptr + 3451748\n16  chromedriver                        0x0000000102ded678 cxxbridge1$str$ptr + 3274304\n17  chromedriver                        0x0000000102e332b4 cxxbridge1$str$ptr + 3560060\n18  chromedriver                        0x0000000102e33430 cxxbridge1$str$ptr + 3560440\n19  chromedriver                        0x0000000102e425fc cxxbridge1$str$ptr + 3622340\n20  libsystem_pthread.dylib             0x000000018ce96034 _pthread_start + 136\n21  libsystem_pthread.dylib             0x000000018ce90e3c thread_start + 8", "trace": "browser = <selenium.webdriver.chrome.webdriver.WebDriver (session=\"b2b2801be31e4c22f195c039a905db49\")>\n\n    @allure.title(\"Заглушки для навигации по сайту\")\n    @allure.description(\"Проверка заглушек для страниц\")\n    @allure.severity(allure.severity_level.CRITICAL)\n    def test_navigation_buttons(browser):\n    \n        # Нажатие на кнопку \"показать все места\"\n        with allure.step(\"Нажатие на кнопку 'показать все места'\"):\n>           browser.find_element(By.CSS_SELECTOR, \"[data-test-id='choose-destination-button']\").click()\n\ntests/test_ui.py:97: \n_ _ _ _ _ _ _ _ _ _ _ _ _ _ _ _ _ _ _ _ _ _ _ _ _ _ _ _ _ _ _ _ _ _ _ _ _ _ _ _ _ _ _ _ _ _ _ _ _ _ _ _ _ _ _ _ _ _ _ _ _ _ _ _ _ _ _ _ _ _ _\n/opt/homebrew/lib/python3.13/site-packages/selenium/webdriver/remote/webelement.py:94: in click\n    self._execute(Command.CLICK_ELEMENT)\n/opt/homebrew/lib/python3.13/site-packages/selenium/webdriver/remote/webelement.py:395: in _execute\n    return self._parent.execute(command, params)\n/opt/homebrew/lib/python3.13/site-packages/selenium/webdriver/remote/webdriver.py:384: in execute\n    self.error_handler.check_response(response)\n_ _ _ _ _ _ _ _ _ _ _ _ _ _ _ _ _ _ _ _ _ _ _ _ _ _ _ _ _ _ _ _ _ _ _ _ _ _ _ _ _ _ _ _ _ _ _ _ _ _ _ _ _ _ _ _ _ _ _ _ _ _ _ _ _ _ _ _ _ _ _\n\nself = <selenium.webdriver.remote.errorhandler.ErrorHandler object at 0x104256120>\nresponse = {'status': 400, 'value': '{\"value\":{\"error\":\"element click intercepted\",\"message\":\"element click intercepted: Element ...00018ce96034 _pthread_start + 136\\\\n21  libsystem_pthread.dylib             0x000000018ce90e3c thread_start + 8\\\\n\"}}'}\n\n    def check_response(self, response: Dict[str, Any]) -> None:\n        \"\"\"Checks that a JSON response from the WebDriver does not have an\n        error.\n    \n        :Args:\n         - response - The JSON response from the WebDriver server as a dictionary\n           object.\n    \n        :Raises: If the response contains an error message.\n        \"\"\"\n        status = response.get(\"status\", None)\n        if not status or status == ErrorCode.SUCCESS:\n            return\n        value = None\n        message = response.get(\"message\", \"\")\n        screen: str = response.get(\"screen\", \"\")\n        stacktrace = None\n        if isinstance(status, int):\n            value_json = response.get(\"value\", None)\n            if value_json and isinstance(value_json, str):\n                import json\n    \n                try:\n                    value = json.loads(value_json)\n                    if len(value) == 1:\n                        value = value[\"value\"]\n                    status = value.get(\"error\", None)\n                    if not status:\n                        status = value.get(\"status\", ErrorCode.UNKNOWN_ERROR)\n                        message = value.get(\"value\") or value.get(\"message\")\n                        if not isinstance(message, str):\n                            value = message\n                            message = message.get(\"message\")\n                    else:\n                        message = value.get(\"message\", None)\n                except ValueError:\n                    pass\n    \n        exception_class: Type[WebDriverException]\n        e = ErrorCode()\n        error_codes = [item for item in dir(e) if not item.startswith(\"__\")]\n        for error_code in error_codes:\n            error_info = getattr(ErrorCode, error_code)\n            if isinstance(error_info, list) and status in error_info:\n                exception_class = getattr(ExceptionMapping, error_code, WebDriverException)\n                break\n        else:\n            exception_class = WebDriverException\n    \n        if not value:\n            value = response[\"value\"]\n        if isinstance(value, str):\n            raise exception_class(value)\n        if message == \"\" and \"message\" in value:\n            message = value[\"message\"]\n    \n        screen = None  # type: ignore[assignment]\n        if \"screen\" in value:\n            screen = value[\"screen\"]\n    \n        stacktrace = None\n        st_value = value.get(\"stackTrace\") or value.get(\"stacktrace\")\n        if st_value:\n            if isinstance(st_value, str):\n                stacktrace = st_value.split(\"\\n\")\n            else:\n                stacktrace = []\n                try:\n                    for frame in st_value:\n                        line = frame.get(\"lineNumber\", \"\")\n                        file = frame.get(\"fileName\", \"<anonymous>\")\n                        if line:\n                            file = f\"{file}:{line}\"\n                        meth = frame.get(\"methodName\", \"<anonymous>\")\n                        if \"className\" in frame:\n                            meth = f\"{frame['className']}.{meth}\"\n                        msg = \"    at %s (%s)\"\n                        msg = msg % (meth, file)\n                        stacktrace.append(msg)\n                except TypeError:\n                    pass\n        if exception_class == UnexpectedAlertPresentException:\n            alert_text = None\n            if \"data\" in value:\n                alert_text = value[\"data\"].get(\"text\")\n            elif \"alert\" in value:\n                alert_text = value[\"alert\"].get(\"text\")\n            raise exception_class(message, screen, stacktrace, alert_text)  # type: ignore[call-arg]  # mypy is not smart enough here\n>       raise exception_class(message, screen, stacktrace)\nE       selenium.common.exceptions.ElementClickInterceptedException: Message: element click intercepted: Element <button class=\"s__dqLrjmV81lbY2ctpQQWt s__WErm7_CLb_ylgTog3lrX s__OWNGeBF_djpi7qoBOxk4 s__f1UsosWbVEKg57lLhkEC s__ceBrcQp1NVw3cf8D8Rmt s__QG57CDYt18nQkX5cErTG\" type=\"button\" data-test-id=\"choose-destination-button\">...</button> is not clickable at point (720, 640). Other element would receive the click: <div class=\"s__iPfYoBmp1qVHqkPI5MCQ s__Lrz8pict9CWP2T8btbYb\" data-test-id=\"text\">...</div>\nE         (Session info: chrome=131.0.6778.265)\nE       Stacktrace:\nE       0   chromedriver                        0x0000000102e4a138 cxxbridge1$str$ptr + 3653888\nE       1   chromedriver                        0x0000000102e42988 cxxbridge1$str$ptr + 3623248\nE       2   chromedriver                        0x00000001028a8968 cxxbridge1$string$len + 89228\nE       3   chromedriver                        0x00000001028f25e0 cxxbridge1$string$len + 391428\nE       4   chromedriver                        0x00000001028f0c30 cxxbridge1$string$len + 384852\nE       5   chromedriver                        0x00000001028eeb74 cxxbridge1$string$len + 376472\nE       6   chromedriver                        0x00000001028edfac cxxbridge1$string$len + 373456\nE       7   chromedriver                        0x00000001028e3470 cxxbridge1$string$len + 329620\nE       8   chromedriver                        0x00000001028e2ec4 cxxbridge1$string$len + 328168\nE       9   chromedriver                        0x00000001029264f0 cxxbridge1$string$len + 604180\nE       10  chromedriver                        0x00000001028e1564 cxxbridge1$string$len + 321672\nE       11  chromedriver                        0x00000001028e21b4 cxxbridge1$string$len + 324824\nE       12  chromedriver                        0x0000000102e14fc0 cxxbridge1$str$ptr + 3436424\nE       13  chromedriver                        0x0000000102e182dc cxxbridge1$str$ptr + 3449508\nE       14  chromedriver                        0x0000000102dfbe60 cxxbridge1$str$ptr + 3333672\nE       15  chromedriver                        0x0000000102e18b9c cxxbridge1$str$ptr + 3451748\nE       16  chromedriver                        0x0000000102ded678 cxxbridge1$str$ptr + 3274304\nE       17  chromedriver                        0x0000000102e332b4 cxxbridge1$str$ptr + 3560060\nE       18  chromedriver                        0x0000000102e33430 cxxbridge1$str$ptr + 3560440\nE       19  chromedriver                        0x0000000102e425fc cxxbridge1$str$ptr + 3622340\nE       20  libsystem_pthread.dylib             0x000000018ce96034 _pthread_start + 136\nE       21  libsystem_pthread.dylib             0x000000018ce90e3c thread_start + 8\n\n/opt/homebrew/lib/python3.13/site-packages/selenium/webdriver/remote/errorhandler.py:232: ElementClickInterceptedException"}, "description": "Проверка заглушек для страниц", "steps": [{"name": "Нажатие на кнопку 'показать все места'", "status": "broken", "statusDetails": {"message": "selenium.common.exceptions.ElementClickInterceptedException: Message: element click intercepted: Element <button class=\"s__dqLrjmV81lbY2ctpQQWt s__WErm7_CLb_ylgTog3lrX s__OWNGeBF_djpi7qoBOxk4 s__f1UsosWbVEKg57lLhkEC s__ceBrcQp1NVw3cf8D8Rmt s__QG57CDYt18nQkX5cErTG\" type=\"button\" data-test-id=\"choose-destination-button\">...</button> is not clickable at point (720, 640). Other element would receive the click: <div class=\"s__iPfYoBmp1qVHqkPI5MCQ s__Lrz8pict9CWP2T8btbYb\" data-test-id=\"text\">...</div>\n  (Session info: chrome=131.0.6778.265)\nStacktrace:\n0   chromedriver                        0x0000000102e4a138 cxxbridge1$str$ptr + 3653888\n1   chromedriver                        0x0000000102e42988 cxxbridge1$str$ptr + 3623248\n2   chromedriver                        0x00000001028a8968 cxxbridge1$string$len + 89228\n3   chromedriver                        0x00000001028f25e0 cxxbridge1$string$len + 391428\n4   chromedriver                        0x00000001028f0c30 cxxbridge1$string$len + 384852\n5   chromedriver                        0x00000001028eeb74 cxxbridge1$string$len + 376472\n6   chromedriver                        0x00000001028edfac cxxbridge1$string$len + 373456\n7   chromedriver                        0x00000001028e3470 cxxbridge1$string$len + 329620\n8   chromedriver                        0x00000001028e2ec4 cxxbridge1$string$len + 328168\n9   chromedriver                        0x00000001029264f0 cxxbridge1$string$len + 604180\n10  chromedriver                        0x00000001028e1564 cxxbridge1$string$len + 321672\n11  chromedriver                        0x00000001028e21b4 cxxbridge1$string$len + 324824\n12  chromedriver                        0x0000000102e14fc0 cxxbridge1$str$ptr + 3436424\n13  chromedriver                        0x0000000102e182dc cxxbridge1$str$ptr + 3449508\n14  chromedriver                        0x0000000102dfbe60 cxxbridge1$str$ptr + 3333672\n15  chromedriver                        0x0000000102e18b9c cxxbridge1$str$ptr + 3451748\n16  chromedriver                        0x0000000102ded678 cxxbridge1$str$ptr + 3274304\n17  chromedriver                        0x0000000102e332b4 cxxbridge1$str$ptr + 3560060\n18  chromedriver                        0x0000000102e33430 cxxbridge1$str$ptr + 3560440\n19  chromedriver                        0x0000000102e425fc cxxbridge1$str$ptr + 3622340\n20  libsystem_pthread.dylib             0x000000018ce96034 _pthread_start + 136\n21  libsystem_pthread.dylib             0x000000018ce90e3c thread_start + 8\n\n", "trace": "  File \"/Users/andreykireenkov/Desktop/ПИТОН/testPy/tests/test_ui.py\", line 97, in test_navigation_buttons\n    browser.find_element(By.CSS_SELECTOR, \"[data-test-id='choose-destination-button']\").click()\n    ~~~~~~~~~~~~~~~~~~~~~~~~~~~~~~~~~~~~~~~~~~~~~~~~~~~~~~~~~~~~~~~~~~~~~~~~~~~~~~~~~~~~~~~~~^^\n  File \"/opt/homebrew/lib/python3.13/site-packages/selenium/webdriver/remote/webelement.py\", line 94, in click\n    self._execute(Command.CLICK_ELEMENT)\n    ~~~~~~~~~~~~~^^^^^^^^^^^^^^^^^^^^^^^\n  File \"/opt/homebrew/lib/python3.13/site-packages/selenium/webdriver/remote/webelement.py\", line 395, in _execute\n    return self._parent.execute(command, params)\n           ~~~~~~~~~~~~~~~~~~~~^^^^^^^^^^^^^^^^^\n  File \"/opt/homebrew/lib/python3.13/site-packages/selenium/webdriver/remote/webdriver.py\", line 384, in execute\n    self.error_handler.check_response(response)\n    ~~~~~~~~~~~~~~~~~~~~~~~~~~~~~~~~~^^^^^^^^^^\n  File \"/opt/homebrew/lib/python3.13/site-packages/selenium/webdriver/remote/errorhandler.py\", line 232, in check_response\n    raise exception_class(message, screen, stacktrace)\n"}, "start": 1737532704655, "stop": 1737532705697}], "start": 1737532704655, "stop": 1737532705701, "uuid": "4cd96f74-ec72-4c5e-b2e3-c001109cad43", "historyId": "f236da09e5ecf1dbc99b192b299121e8", "testCaseId": "f236da09e5ecf1dbc99b192b299121e8", "fullName": "tests.test_ui#test_navigation_buttons", "labels": [{"name": "severity", "value": "critical"}, {"name": "parentSuite", "value": "tests"}, {"name": "suite", "value": "test_ui"}, {"name": "host", "value": "MacBook-Air-Andrej.local"}, {"name": "thread", "value": "83785-MainThread"}, {"name": "framework", "value": "pytest"}, {"name": "language", "value": "cpython3"}, {"name": "package", "value": "tests.test_ui"}]}