{"name": "Поиск билетов", "status": "broken", "statusDetails": {"message": "selenium.common.exceptions.TimeoutException: Message: \nStacktrace:\n0   chromedriver                        0x0000000101516138 cxxbridge1$str$ptr + 3653888\n1   chromedriver                        0x000000010150e988 cxxbridge1$str$ptr + 3623248\n2   chromedriver                        0x0000000100f74968 cxxbridge1$string$len + 89228\n3   chromedriver                        0x0000000100fb8d4c cxxbridge1$string$len + 368752\n4   chromedriver                        0x0000000100ff24f0 cxxbridge1$string$len + 604180\n5   chromedriver                        0x0000000100fad564 cxxbridge1$string$len + 321672\n6   chromedriver                        0x0000000100fae1b4 cxxbridge1$string$len + 324824\n7   chromedriver                        0x00000001014e0fc0 cxxbridge1$str$ptr + 3436424\n8   chromedriver                        0x00000001014e42dc cxxbridge1$str$ptr + 3449508\n9   chromedriver                        0x00000001014c7e60 cxxbridge1$str$ptr + 3333672\n10  chromedriver                        0x00000001014e4b9c cxxbridge1$str$ptr + 3451748\n11  chromedriver                        0x00000001014b9678 cxxbridge1$str$ptr + 3274304\n12  chromedriver                        0x00000001014ff2b4 cxxbridge1$str$ptr + 3560060\n13  chromedriver                        0x00000001014ff430 cxxbridge1$str$ptr + 3560440\n14  chromedriver                        0x000000010150e5fc cxxbridge1$str$ptr + 3622340\n15  libsystem_pthread.dylib             0x000000018ce96034 _pthread_start + 136\n16  libsystem_pthread.dylib             0x000000018ce90e3c thread_start + 8", "trace": "browser = <selenium.webdriver.chrome.webdriver.WebDriver (session=\"e4df1f05dad75c8613c3b68bebc00e97\")>\n\n    @allure.title(\"Поиск билетов\")\n    @allure.description(\"Выполнить поиск билетов\")\n    @allure.severity(allure.severity_level.CRITICAL)\n    def test_search_tickets(browser):\n        with allure.step(\"Открытие браузера\"):\n            main_page = MainPage(browser)\n    \n        # Заполнение необходимых полей\n        with allure.step(\"Заполнили форму 'куда'\"):\n            browser.find_element(By.CSS_SELECTOR, \"[data-test-id='destination-input']\").click()\n            time.sleep(5)\n>           anywhere_button = WebDriverWait(browser, 10).until(\n            EC.element_to_be_clickable((By.XPATH, \"//button[contains(text(), 'Куда угодно')]\"))\n        )\n\ntests/test_ui.py:71: \n_ _ _ _ _ _ _ _ _ _ _ _ _ _ _ _ _ _ _ _ _ _ _ _ _ _ _ _ _ _ _ _ _ _ _ _ _ _ _ _ _ _ _ _ _ _ _ _ _ _ _ _ _ _ _ _ _ _ _ _ _ _ _ _ _ _ _ _ _ _ _\n\nself = <selenium.webdriver.support.wait.WebDriverWait (session=\"e4df1f05dad75c8613c3b68bebc00e97\")>\nmethod = <function element_to_be_clickable.<locals>._predicate at 0x106629f80>, message = ''\n\n    def until(self, method: Callable[[D], Union[Literal[False], T]], message: str = \"\") -> T:\n        \"\"\"Calls the method provided with the driver as an argument until the \\\n        return value does not evaluate to ``False``.\n    \n        :param method: callable(WebDriver)\n        :param message: optional message for :exc:`TimeoutException`\n        :returns: the result of the last call to `method`\n        :raises: :exc:`selenium.common.exceptions.TimeoutException` if timeout occurs\n        \"\"\"\n        screen = None\n        stacktrace = None\n    \n        end_time = time.monotonic() + self._timeout\n        while True:\n            try:\n                value = method(self._driver)\n                if value:\n                    return value\n            except self._ignored_exceptions as exc:\n                screen = getattr(exc, \"screen\", None)\n                stacktrace = getattr(exc, \"stacktrace\", None)\n            if time.monotonic() > end_time:\n                break\n            time.sleep(self._poll)\n>       raise TimeoutException(message, screen, stacktrace)\nE       selenium.common.exceptions.TimeoutException: Message: \nE       Stacktrace:\nE       0   chromedriver                        0x0000000101516138 cxxbridge1$str$ptr + 3653888\nE       1   chromedriver                        0x000000010150e988 cxxbridge1$str$ptr + 3623248\nE       2   chromedriver                        0x0000000100f74968 cxxbridge1$string$len + 89228\nE       3   chromedriver                        0x0000000100fb8d4c cxxbridge1$string$len + 368752\nE       4   chromedriver                        0x0000000100ff24f0 cxxbridge1$string$len + 604180\nE       5   chromedriver                        0x0000000100fad564 cxxbridge1$string$len + 321672\nE       6   chromedriver                        0x0000000100fae1b4 cxxbridge1$string$len + 324824\nE       7   chromedriver                        0x00000001014e0fc0 cxxbridge1$str$ptr + 3436424\nE       8   chromedriver                        0x00000001014e42dc cxxbridge1$str$ptr + 3449508\nE       9   chromedriver                        0x00000001014c7e60 cxxbridge1$str$ptr + 3333672\nE       10  chromedriver                        0x00000001014e4b9c cxxbridge1$str$ptr + 3451748\nE       11  chromedriver                        0x00000001014b9678 cxxbridge1$str$ptr + 3274304\nE       12  chromedriver                        0x00000001014ff2b4 cxxbridge1$str$ptr + 3560060\nE       13  chromedriver                        0x00000001014ff430 cxxbridge1$str$ptr + 3560440\nE       14  chromedriver                        0x000000010150e5fc cxxbridge1$str$ptr + 3622340\nE       15  libsystem_pthread.dylib             0x000000018ce96034 _pthread_start + 136\nE       16  libsystem_pthread.dylib             0x000000018ce90e3c thread_start + 8\n\n/opt/homebrew/lib/python3.13/site-packages/selenium/webdriver/support/wait.py:105: TimeoutException"}, "description": "Выполнить поиск билетов", "steps": [{"name": "Открытие браузера", "status": "passed", "start": 1737492074857, "stop": 1737492074857}, {"name": "Заполнили форму 'куда'", "status": "broken", "statusDetails": {"message": "selenium.common.exceptions.TimeoutException: Message: \nStacktrace:\n0   chromedriver                        0x0000000101516138 cxxbridge1$str$ptr + 3653888\n1   chromedriver                        0x000000010150e988 cxxbridge1$str$ptr + 3623248\n2   chromedriver                        0x0000000100f74968 cxxbridge1$string$len + 89228\n3   chromedriver                        0x0000000100fb8d4c cxxbridge1$string$len + 368752\n4   chromedriver                        0x0000000100ff24f0 cxxbridge1$string$len + 604180\n5   chromedriver                        0x0000000100fad564 cxxbridge1$string$len + 321672\n6   chromedriver                        0x0000000100fae1b4 cxxbridge1$string$len + 324824\n7   chromedriver                        0x00000001014e0fc0 cxxbridge1$str$ptr + 3436424\n8   chromedriver                        0x00000001014e42dc cxxbridge1$str$ptr + 3449508\n9   chromedriver                        0x00000001014c7e60 cxxbridge1$str$ptr + 3333672\n10  chromedriver                        0x00000001014e4b9c cxxbridge1$str$ptr + 3451748\n11  chromedriver                        0x00000001014b9678 cxxbridge1$str$ptr + 3274304\n12  chromedriver                        0x00000001014ff2b4 cxxbridge1$str$ptr + 3560060\n13  chromedriver                        0x00000001014ff430 cxxbridge1$str$ptr + 3560440\n14  chromedriver                        0x000000010150e5fc cxxbridge1$str$ptr + 3622340\n15  libsystem_pthread.dylib             0x000000018ce96034 _pthread_start + 136\n16  libsystem_pthread.dylib             0x000000018ce90e3c thread_start + 8\n\n", "trace": "  File \"/Users/andreykireenkov/Desktop/ПИТОН/testPy/tests/test_ui.py\", line 71, in test_search_tickets\n        anywhere_button = WebDriverWait(browser, 10).until(\n                          ~~~~~~~~~~~~~~~~~~~~~~~~~~~~~~~~^\n        EC.element_to_be_clickable((By.XPATH, \"//button[contains(text(), 'Куда угодно')]\"))\n        ^^^^^^^^^^^^^^^^^^^^^^^^^^^^^^^^^^^^^^^^^^^^^^^^^^^^^^^^^^^^^^^^^^^^^^^^^^^^^^^^^^^\n    )\n    ^\n  File \"/opt/homebrew/lib/python3.13/site-packages/selenium/webdriver/support/wait.py\", line 105, in until\n    raise TimeoutException(message, screen, stacktrace)\n"}, "start": 1737492074857, "stop": 1737492093599}], "start": 1737492074856, "stop": 1737492093602, "uuid": "055b4a39-983a-4215-b36b-f3ca8bf625e3", "historyId": "dee20881171d154a9da42a79e72bd0f0", "testCaseId": "dee20881171d154a9da42a79e72bd0f0", "fullName": "tests.test_ui#test_search_tickets", "labels": [{"name": "severity", "value": "critical"}, {"name": "parentSuite", "value": "tests"}, {"name": "suite", "value": "test_ui"}, {"name": "host", "value": "MacBook-Air-Andrej.local"}, {"name": "thread", "value": "69674-MainThread"}, {"name": "framework", "value": "pytest"}, {"name": "language", "value": "cpython3"}, {"name": "package", "value": "tests.test_ui"}]}