{"name": "Поиск билетов", "status": "failed", "statusDetails": {"message": "AssertionError: Результаты поиска не отображаются\nassert 0 > 0\n +  where 0 = len([])", "trace": "browser = <selenium.webdriver.chrome.webdriver.WebDriver (session=\"892f35ac2b3697dd467ec631f07c3a7e\")>\n\n    @allure.title(\"Поиск билетов\")\n    @allure.description(\"Выполнить поиск билетов\")\n    @allure.severity(allure.severity_level.CRITICAL)\n    def test_search_tickets(browser):\n        with allure.step(\"Открытие браузера\"):\n            main_page = MainPage(browser)\n    \n        # Заполнение необходимых полей\n        with allure.step(\"Заполнили форму 'куда'\"):\n            main_page.sendkeys_destination_input(\"Москва\")\n        with allure.step(\"Заполнили форму 'туда' и форму 'обратно'\"):\n            main_page.sendkeys_start_end_date_field(\"01.02.2025\", \"05.02.2025\")\n    \n        # Нажатие на кнопку \"найти билеты\"\n        with allure.step(\"Выполнено нажатие кнопки Найти билеты\"):\n            main_page.click_submit_button()\n    \n        # Проверка, что результаты поиска отображаются\n        with allure.step(\"Блок с результатами поиска отображается\"):\n            results = browser.find_elements(By.CSS_SELECTOR, \"[data-selene-widget='search_results']\")\n>           assert len(results) > 0, \"Результаты поиска не отображаются\"\nE           AssertionError: Результаты поиска не отображаются\nE           assert 0 > 0\nE            +  where 0 = len([])\n\ntests/test_ui.py:78: AssertionError"}, "description": "Выполнить поиск билетов", "steps": [{"name": "Открытие браузера", "status": "passed", "start": 1737491162406, "stop": 1737491162406}, {"name": "Заполнили форму 'куда'", "status": "passed", "start": 1737491162406, "stop": 1737491166132}, {"name": "Заполнили форму 'туда' и форму 'обратно'", "status": "passed", "start": 1737491166132, "stop": 1737491166339}, {"name": "Выполнено нажатие кнопки Найти билеты", "status": "passed", "start": 1737491166339, "stop": 1737491166373}, {"name": "Блок с результатами поиска отображается", "status": "failed", "statusDetails": {"message": "AssertionError: Результаты поиска не отображаются\nassert 0 > 0\n +  where 0 = len([])\n", "trace": "  File \"/Users/andreykireenkov/Desktop/ПИТОН/testPy/tests/test_ui.py\", line 78, in test_search_tickets\n    assert len(results) > 0, \"Результаты поиска не отображаются\"\n"}, "start": 1737491166373, "stop": 1737491166381}], "start": 1737491162405, "stop": 1737491166382, "uuid": "243f288c-9dc7-400d-a41f-2b249ddf169a", "historyId": "dee20881171d154a9da42a79e72bd0f0", "testCaseId": "dee20881171d154a9da42a79e72bd0f0", "fullName": "tests.test_ui#test_search_tickets", "labels": [{"name": "severity", "value": "critical"}, {"name": "parentSuite", "value": "tests"}, {"name": "suite", "value": "test_ui"}, {"name": "host", "value": "MacBook-Air-Andrej.local"}, {"name": "thread", "value": "66178-MainThread"}, {"name": "framework", "value": "pytest"}, {"name": "language", "value": "cpython3"}, {"name": "package", "value": "tests.test_ui"}]}