{"name": "Поиск билетов", "status": "broken", "statusDetails": {"message": "selenium.common.exceptions.TimeoutException: Message: \nStacktrace:\n0   chromedriver                        0x0000000101066138 cxxbridge1$str$ptr + 3653888\n1   chromedriver                        0x000000010105e988 cxxbridge1$str$ptr + 3623248\n2   chromedriver                        0x0000000100ac4968 cxxbridge1$string$len + 89228\n3   chromedriver                        0x0000000100b08d4c cxxbridge1$string$len + 368752\n4   chromedriver                        0x0000000100b424f0 cxxbridge1$string$len + 604180\n5   chromedriver                        0x0000000100afd564 cxxbridge1$string$len + 321672\n6   chromedriver                        0x0000000100afe1b4 cxxbridge1$string$len + 324824\n7   chromedriver                        0x0000000101030fc0 cxxbridge1$str$ptr + 3436424\n8   chromedriver                        0x00000001010342dc cxxbridge1$str$ptr + 3449508\n9   chromedriver                        0x0000000101017e60 cxxbridge1$str$ptr + 3333672\n10  chromedriver                        0x0000000101034b9c cxxbridge1$str$ptr + 3451748\n11  chromedriver                        0x0000000101009678 cxxbridge1$str$ptr + 3274304\n12  chromedriver                        0x000000010104f2b4 cxxbridge1$str$ptr + 3560060\n13  chromedriver                        0x000000010104f430 cxxbridge1$str$ptr + 3560440\n14  chromedriver                        0x000000010105e5fc cxxbridge1$str$ptr + 3622340\n15  libsystem_pthread.dylib             0x000000018ce96034 _pthread_start + 136\n16  libsystem_pthread.dylib             0x000000018ce90e3c thread_start + 8", "trace": "browser = <selenium.webdriver.chrome.webdriver.WebDriver (session=\"1f9d7f19f754964ff725cda483d97d38\")>\n\n    @allure.title(\"Поиск билетов\")\n    @allure.description(\"Выполнить поиск билетов\")\n    @allure.severity(allure.severity_level.CRITICAL)\n    def test_search_tickets(browser):\n        with allure.step(\"Открытие браузера\"):\n            main_page = MainPage(browser)\n    \n        # Заполнение необходимых полей\n        with allure.step(\"Заполнили форму 'куда'\"):\n            main_page.sendkeys_destination_input(\"Москва\")\n        with allure.step(\"Заполнили форму 'туда' и форму 'обратно'\"):\n            main_page.sendkeys_start_end_date_field(\"01.02.2025\", \"05.02.2025\")\n    \n        # Нажатие на кнопку \"найти билеты\"\n        with allure.step(\"Выполнено нажатие кнопки Найти билеты\"):\n            main_page.click_submit_button()\n    \n        # Проверка, что результаты поиска отображаются\n        with allure.step(\"Блок с результатами поиска отображается\"):\n>           WebDriverWait(browser, 10).until(\n                EC.presence_of_element_located((By.CSS_SELECTOR, \"[data-test-id='search_results']\"))\n            )\n\ntests/test_ui.py:79: \n_ _ _ _ _ _ _ _ _ _ _ _ _ _ _ _ _ _ _ _ _ _ _ _ _ _ _ _ _ _ _ _ _ _ _ _ _ _ _ _ _ _ _ _ _ _ _ _ _ _ _ _ _ _ _ _ _ _ _ _ _ _ _ _ _ _ _ _ _ _ _\n\nself = <selenium.webdriver.support.wait.WebDriverWait (session=\"1f9d7f19f754964ff725cda483d97d38\")>\nmethod = <function presence_of_element_located.<locals>._predicate at 0x104dd4540>, message = ''\n\n    def until(self, method: Callable[[D], Union[Literal[False], T]], message: str = \"\") -> T:\n        \"\"\"Calls the method provided with the driver as an argument until the \\\n        return value does not evaluate to ``False``.\n    \n        :param method: callable(WebDriver)\n        :param message: optional message for :exc:`TimeoutException`\n        :returns: the result of the last call to `method`\n        :raises: :exc:`selenium.common.exceptions.TimeoutException` if timeout occurs\n        \"\"\"\n        screen = None\n        stacktrace = None\n    \n        end_time = time.monotonic() + self._timeout\n        while True:\n            try:\n                value = method(self._driver)\n                if value:\n                    return value\n            except self._ignored_exceptions as exc:\n                screen = getattr(exc, \"screen\", None)\n                stacktrace = getattr(exc, \"stacktrace\", None)\n            if time.monotonic() > end_time:\n                break\n            time.sleep(self._poll)\n>       raise TimeoutException(message, screen, stacktrace)\nE       selenium.common.exceptions.TimeoutException: Message: \nE       Stacktrace:\nE       0   chromedriver                        0x0000000101066138 cxxbridge1$str$ptr + 3653888\nE       1   chromedriver                        0x000000010105e988 cxxbridge1$str$ptr + 3623248\nE       2   chromedriver                        0x0000000100ac4968 cxxbridge1$string$len + 89228\nE       3   chromedriver                        0x0000000100b08d4c cxxbridge1$string$len + 368752\nE       4   chromedriver                        0x0000000100b424f0 cxxbridge1$string$len + 604180\nE       5   chromedriver                        0x0000000100afd564 cxxbridge1$string$len + 321672\nE       6   chromedriver                        0x0000000100afe1b4 cxxbridge1$string$len + 324824\nE       7   chromedriver                        0x0000000101030fc0 cxxbridge1$str$ptr + 3436424\nE       8   chromedriver                        0x00000001010342dc cxxbridge1$str$ptr + 3449508\nE       9   chromedriver                        0x0000000101017e60 cxxbridge1$str$ptr + 3333672\nE       10  chromedriver                        0x0000000101034b9c cxxbridge1$str$ptr + 3451748\nE       11  chromedriver                        0x0000000101009678 cxxbridge1$str$ptr + 3274304\nE       12  chromedriver                        0x000000010104f2b4 cxxbridge1$str$ptr + 3560060\nE       13  chromedriver                        0x000000010104f430 cxxbridge1$str$ptr + 3560440\nE       14  chromedriver                        0x000000010105e5fc cxxbridge1$str$ptr + 3622340\nE       15  libsystem_pthread.dylib             0x000000018ce96034 _pthread_start + 136\nE       16  libsystem_pthread.dylib             0x000000018ce90e3c thread_start + 8\n\n/opt/homebrew/lib/python3.13/site-packages/selenium/webdriver/support/wait.py:105: TimeoutException"}, "description": "Выполнить поиск билетов", "steps": [{"name": "Открытие браузера", "status": "passed", "start": 1737491519600, "stop": 1737491519600}, {"name": "Заполнили форму 'куда'", "status": "passed", "start": 1737491519600, "stop": 1737491519724}, {"name": "Заполнили форму 'туда' и форму 'обратно'", "status": "passed", "start": 1737491519724, "stop": 1737491519934}, {"name": "Выполнено нажатие кнопки Найти билеты", "status": "passed", "start": 1737491519934, "stop": 1737491519970}, {"name": "Блок с результатами поиска отображается", "status": "broken", "statusDetails": {"message": "selenium.common.exceptions.TimeoutException: Message: \nStacktrace:\n0   chromedriver                        0x0000000101066138 cxxbridge1$str$ptr + 3653888\n1   chromedriver                        0x000000010105e988 cxxbridge1$str$ptr + 3623248\n2   chromedriver                        0x0000000100ac4968 cxxbridge1$string$len + 89228\n3   chromedriver                        0x0000000100b08d4c cxxbridge1$string$len + 368752\n4   chromedriver                        0x0000000100b424f0 cxxbridge1$string$len + 604180\n5   chromedriver                        0x0000000100afd564 cxxbridge1$string$len + 321672\n6   chromedriver                        0x0000000100afe1b4 cxxbridge1$string$len + 324824\n7   chromedriver                        0x0000000101030fc0 cxxbridge1$str$ptr + 3436424\n8   chromedriver                        0x00000001010342dc cxxbridge1$str$ptr + 3449508\n9   chromedriver                        0x0000000101017e60 cxxbridge1$str$ptr + 3333672\n10  chromedriver                        0x0000000101034b9c cxxbridge1$str$ptr + 3451748\n11  chromedriver                        0x0000000101009678 cxxbridge1$str$ptr + 3274304\n12  chromedriver                        0x000000010104f2b4 cxxbridge1$str$ptr + 3560060\n13  chromedriver                        0x000000010104f430 cxxbridge1$str$ptr + 3560440\n14  chromedriver                        0x000000010105e5fc cxxbridge1$str$ptr + 3622340\n15  libsystem_pthread.dylib             0x000000018ce96034 _pthread_start + 136\n16  libsystem_pthread.dylib             0x000000018ce90e3c thread_start + 8\n\n", "trace": "  File \"/Users/andreykireenkov/Desktop/ПИТОН/testPy/tests/test_ui.py\", line 79, in test_search_tickets\n    WebDriverWait(browser, 10).until(\n    ~~~~~~~~~~~~~~~~~~~~~~~~~~~~~~~~^\n        EC.presence_of_element_located((By.CSS_SELECTOR, \"[data-test-id='search_results']\"))\n        ^^^^^^^^^^^^^^^^^^^^^^^^^^^^^^^^^^^^^^^^^^^^^^^^^^^^^^^^^^^^^^^^^^^^^^^^^^^^^^^^^^^^\n    )\n    ^\n  File \"/opt/homebrew/lib/python3.13/site-packages/selenium/webdriver/support/wait.py\", line 105, in until\n    raise TimeoutException(message, screen, stacktrace)\n"}, "start": 1737491519970, "stop": 1737491530330}], "start": 1737491519600, "stop": 1737491530334, "uuid": "868f8f1e-e86a-425d-8b8a-412d22919688", "historyId": "dee20881171d154a9da42a79e72bd0f0", "testCaseId": "dee20881171d154a9da42a79e72bd0f0", "fullName": "tests.test_ui#test_search_tickets", "labels": [{"name": "severity", "value": "critical"}, {"name": "parentSuite", "value": "tests"}, {"name": "suite", "value": "test_ui"}, {"name": "host", "value": "MacBook-Air-Andrej.local"}, {"name": "thread", "value": "67569-MainThread"}, {"name": "framework", "value": "pytest"}, {"name": "language", "value": "cpython3"}, {"name": "package", "value": "tests.test_ui"}]}