{"name": "Поиск билетов", "status": "broken", "statusDetails": {"message": "selenium.common.exceptions.TimeoutException: Message: \nStacktrace:\n\tGetHandleVerifier [0x00007FF61B1280D5+2992373]\n\t(No symbol) [0x00007FF61ADBBFD0]\n\t(No symbol) [0x00007FF61AC5590A]\n\t(No symbol) [0x00007FF61ACA926E]\n\t(No symbol) [0x00007FF61ACA955C]\n\t(No symbol) [0x00007FF61ACF27D7]\n\t(No symbol) [0x00007FF61ACCF3AF]\n\t(No symbol) [0x00007FF61ACEF584]\n\t(No symbol) [0x00007FF61ACCF113]\n\t(No symbol) [0x00007FF61AC9A918]\n\t(No symbol) [0x00007FF61AC9BA81]\n\tGetHandleVerifier [0x00007FF61B186A2D+3379789]\n\tGetHandleVerifier [0x00007FF61B19C32D+3468109]\n\tGetHandleVerifier [0x00007FF61B190043+3418211]\n\tGetHandleVerifier [0x00007FF61AF1C78B+847787]\n\t(No symbol) [0x00007FF61ADC757F]\n\t(No symbol) [0x00007FF61ADC2FC4]\n\t(No symbol) [0x00007FF61ADC315D]\n\t(No symbol) [0x00007FF61ADB2979]\n\tBaseThreadInitThunk [0x00007FF94C357374+20]\n\tRtlUserThreadStart [0x00007FF94E2FCC91+33]", "trace": "browser = <selenium.webdriver.chrome.webdriver.WebDriver (session=\"582a5729b8a278aee95f52530ebee9c1\")>\n\n    @allure.title(\"Поиск билетов\")\n    @allure.description(\"Выполнить поиск билетов\")\n    @allure.severity(allure.severity_level.CRITICAL)\n    def test_search_tickets(browser):\n        main_page = MainPage(browser)\n        main_page.sendkeys_destination_input(\"Стамбул\")\n        main_page.sendkeys_start_end_date_field(\"01.02.2025\", \"05.02.2025\")\n        main_page.click_submit_button()\n>       results = main_page.get_results()\n\naviasales-python-selenium\\tests\\test_ui.py:54: \n_ _ _ _ _ _ _ _ _ _ _ _ _ _ _ _ _ _ _ _ _ _ _ _ _ _ _ _ _ _ _ _ _ _ _ _ _ _ _ _ _ _ _ _ _ _ _ _ _ _ _ _ _ _ _ _ _ _ _ _ _ _ _ _ _ _ _ _ _ _ _ _ _ _ _ _ _ _ _ _ _ _ _ _ _ _ _ _ _ _ _ _ _ _ _ _ _ _ _ _ _ _ _ _ _ _ _ _ _ _ _ _ _\naviasales-python-selenium\\pages\\main_page.py:52: in get_results\n    return self.wait_and_find_element(MainPageLocators.RESULTS)\naviasales-python-selenium\\pages\\base_page.py:10: in wait_and_find_element\n    WebDriverWait(self.driver, 10).until(expected_conditions.visibility_of_element_located(locator))\n_ _ _ _ _ _ _ _ _ _ _ _ _ _ _ _ _ _ _ _ _ _ _ _ _ _ _ _ _ _ _ _ _ _ _ _ _ _ _ _ _ _ _ _ _ _ _ _ _ _ _ _ _ _ _ _ _ _ _ _ _ _ _ _ _ _ _ _ _ _ _ _ _ _ _ _ _ _ _ _ _ _ _ _ _ _ _ _ _ _ _ _ _ _ _ _ _ _ _ _ _ _ _ _ _ _ _ _ _ _ _ _ _\n\nself = <selenium.webdriver.support.wait.WebDriverWait (session=\"582a5729b8a278aee95f52530ebee9c1\")>, method = <function visibility_of_element_located.<locals>._predicate at 0x00000243F65E0900>, message = ''\n\n    def until(self, method: Callable[[D], Union[Literal[False], T]], message: str = \"\") -> T:\n        \"\"\"Calls the method provided with the driver as an argument until the \\\n        return value does not evaluate to ``False``.\n    \n        :param method: callable(WebDriver)\n        :param message: optional message for :exc:`TimeoutException`\n        :returns: the result of the last call to `method`\n        :raises: :exc:`selenium.common.exceptions.TimeoutException` if timeout occurs\n        \"\"\"\n        screen = None\n        stacktrace = None\n    \n        end_time = time.monotonic() + self._timeout\n        while True:\n            try:\n                value = method(self._driver)\n                if value:\n                    return value\n            except self._ignored_exceptions as exc:\n                screen = getattr(exc, \"screen\", None)\n                stacktrace = getattr(exc, \"stacktrace\", None)\n            if time.monotonic() > end_time:\n                break\n            time.sleep(self._poll)\n>       raise TimeoutException(message, screen, stacktrace)\nE       selenium.common.exceptions.TimeoutException: Message: \nE       Stacktrace:\nE       \tGetHandleVerifier [0x00007FF61B1280D5+2992373]\nE       \t(No symbol) [0x00007FF61ADBBFD0]\nE       \t(No symbol) [0x00007FF61AC5590A]\nE       \t(No symbol) [0x00007FF61ACA926E]\nE       \t(No symbol) [0x00007FF61ACA955C]\nE       \t(No symbol) [0x00007FF61ACF27D7]\nE       \t(No symbol) [0x00007FF61ACCF3AF]\nE       \t(No symbol) [0x00007FF61ACEF584]\nE       \t(No symbol) [0x00007FF61ACCF113]\nE       \t(No symbol) [0x00007FF61AC9A918]\nE       \t(No symbol) [0x00007FF61AC9BA81]\nE       \tGetHandleVerifier [0x00007FF61B186A2D+3379789]\nE       \tGetHandleVerifier [0x00007FF61B19C32D+3468109]\nE       \tGetHandleVerifier [0x00007FF61B190043+3418211]\nE       \tGetHandleVerifier [0x00007FF61AF1C78B+847787]\nE       \t(No symbol) [0x00007FF61ADC757F]\nE       \t(No symbol) [0x00007FF61ADC2FC4]\nE       \t(No symbol) [0x00007FF61ADC315D]\nE       \t(No symbol) [0x00007FF61ADB2979]\nE       \tBaseThreadInitThunk [0x00007FF94C357374+20]\nE       \tRtlUserThreadStart [0x00007FF94E2FCC91+33]\n\n..\\..\\..\\AppData\\Local\\Programs\\Python\\Python313\\Lib\\site-packages\\selenium\\webdriver\\support\\wait.py:105: TimeoutException"}, "description": "Выполнить поиск билетов", "start": 1737635085680, "stop": 1737635098341, "uuid": "9617b20c-07dc-4e6b-88fc-890139a0e092", "historyId": "537d3f50b486df77811e5097db19ddec", "testCaseId": "537d3f50b486df77811e5097db19ddec", "fullName": "aviasales-python-selenium.tests.test_ui#test_search_tickets", "labels": [{"name": "severity", "value": "critical"}, {"name": "parentSuite", "value": "aviasales-python-selenium.tests"}, {"name": "suite", "value": "test_ui"}, {"name": "host", "value": "User-PC"}, {"name": "thread", "value": "16740-MainThread"}, {"name": "framework", "value": "pytest"}, {"name": "language", "value": "cpython3"}, {"name": "package", "value": "aviasales-python-selenium.tests.test_ui"}]}