{"name": "Заполнение формы поиска", "status": "broken", "statusDetails": {"message": "selenium.common.exceptions.TimeoutException: Message: \nStacktrace:\n0   chromedriver                        0x00000001052b2138 cxxbridge1$str$ptr + 3653888\n1   chromedriver                        0x00000001052aa988 cxxbridge1$str$ptr + 3623248\n2   chromedriver                        0x0000000104d10968 cxxbridge1$string$len + 89228\n3   chromedriver                        0x0000000104d54d4c cxxbridge1$string$len + 368752\n4   chromedriver                        0x0000000104d8e4f0 cxxbridge1$string$len + 604180\n5   chromedriver                        0x0000000104d49564 cxxbridge1$string$len + 321672\n6   chromedriver                        0x0000000104d4a1b4 cxxbridge1$string$len + 324824\n7   chromedriver                        0x000000010527cfc0 cxxbridge1$str$ptr + 3436424\n8   chromedriver                        0x00000001052802dc cxxbridge1$str$ptr + 3449508\n9   chromedriver                        0x0000000105263e60 cxxbridge1$str$ptr + 3333672\n10  chromedriver                        0x0000000105280b9c cxxbridge1$str$ptr + 3451748\n11  chromedriver                        0x0000000105255678 cxxbridge1$str$ptr + 3274304\n12  chromedriver                        0x000000010529b2b4 cxxbridge1$str$ptr + 3560060\n13  chromedriver                        0x000000010529b430 cxxbridge1$str$ptr + 3560440\n14  chromedriver                        0x00000001052aa5fc cxxbridge1$str$ptr + 3622340\n15  libsystem_pthread.dylib             0x000000018ce96034 _pthread_start + 136\n16  libsystem_pthread.dylib             0x000000018ce90e3c thread_start + 8", "trace": "browser = <selenium.webdriver.chrome.webdriver.WebDriver (session=\"a2b52b24f0ed3e7171de7e7097b28b11\")>\n\n    @allure.title(\"Заполнение формы поиска\")\n    @allure.description(\"Тест проверяет отображение заполненных полей\")\n    @allure.severity(allure.severity_level.CRITICAL)\n    def test_fill_search_form(browser):\n        with allure.step(\"Открытие браузера\"):\n            main_page = MainPage(browser)\n        # Заполнение формы \"куда\"\n        with allure.step(\"Заполнили форму 'куда'\"):\n            main_page.sendkeys_destination_input(\"Москва\")\n    \n        # Заполнение формы \"когда\"\n        with allure.step(\"Заполнили форму 'когда'\"):\n>           main_page.sendkeys_start_end_date_field(\"04.02.2025\", \"15.02.2025\")\n\ntests/test_ui.py:48: \n_ _ _ _ _ _ _ _ _ _ _ _ _ _ _ _ _ _ _ _ _ _ _ _ _ _ _ _ _ _ _ _ _ _ _ _ _ _ _ _ _ _ _ _ _ _ _ _ _ _ _ _ _ _ _ _ _ _ _ _ _ _ _ _ _ _ _ _ _ _ _\npage_objects/main_page.py:39: in sendkeys_start_end_date_field\n    modal_element = WebDriverWait(main.driver, 10).until(\n_ _ _ _ _ _ _ _ _ _ _ _ _ _ _ _ _ _ _ _ _ _ _ _ _ _ _ _ _ _ _ _ _ _ _ _ _ _ _ _ _ _ _ _ _ _ _ _ _ _ _ _ _ _ _ _ _ _ _ _ _ _ _ _ _ _ _ _ _ _ _\n\nself = <selenium.webdriver.support.wait.WebDriverWait (session=\"a2b52b24f0ed3e7171de7e7097b28b11\")>\nmethod = <function presence_of_element_located.<locals>._predicate at 0x1023a1e40>, message = ''\n\n    def until(self, method: Callable[[D], Union[Literal[False], T]], message: str = \"\") -> T:\n        \"\"\"Calls the method provided with the driver as an argument until the \\\n        return value does not evaluate to ``False``.\n    \n        :param method: callable(WebDriver)\n        :param message: optional message for :exc:`TimeoutException`\n        :returns: the result of the last call to `method`\n        :raises: :exc:`selenium.common.exceptions.TimeoutException` if timeout occurs\n        \"\"\"\n        screen = None\n        stacktrace = None\n    \n        end_time = time.monotonic() + self._timeout\n        while True:\n            try:\n                value = method(self._driver)\n                if value:\n                    return value\n            except self._ignored_exceptions as exc:\n                screen = getattr(exc, \"screen\", None)\n                stacktrace = getattr(exc, \"stacktrace\", None)\n            if time.monotonic() > end_time:\n                break\n            time.sleep(self._poll)\n>       raise TimeoutException(message, screen, stacktrace)\nE       selenium.common.exceptions.TimeoutException: Message: \nE       Stacktrace:\nE       0   chromedriver                        0x00000001052b2138 cxxbridge1$str$ptr + 3653888\nE       1   chromedriver                        0x00000001052aa988 cxxbridge1$str$ptr + 3623248\nE       2   chromedriver                        0x0000000104d10968 cxxbridge1$string$len + 89228\nE       3   chromedriver                        0x0000000104d54d4c cxxbridge1$string$len + 368752\nE       4   chromedriver                        0x0000000104d8e4f0 cxxbridge1$string$len + 604180\nE       5   chromedriver                        0x0000000104d49564 cxxbridge1$string$len + 321672\nE       6   chromedriver                        0x0000000104d4a1b4 cxxbridge1$string$len + 324824\nE       7   chromedriver                        0x000000010527cfc0 cxxbridge1$str$ptr + 3436424\nE       8   chromedriver                        0x00000001052802dc cxxbridge1$str$ptr + 3449508\nE       9   chromedriver                        0x0000000105263e60 cxxbridge1$str$ptr + 3333672\nE       10  chromedriver                        0x0000000105280b9c cxxbridge1$str$ptr + 3451748\nE       11  chromedriver                        0x0000000105255678 cxxbridge1$str$ptr + 3274304\nE       12  chromedriver                        0x000000010529b2b4 cxxbridge1$str$ptr + 3560060\nE       13  chromedriver                        0x000000010529b430 cxxbridge1$str$ptr + 3560440\nE       14  chromedriver                        0x00000001052aa5fc cxxbridge1$str$ptr + 3622340\nE       15  libsystem_pthread.dylib             0x000000018ce96034 _pthread_start + 136\nE       16  libsystem_pthread.dylib             0x000000018ce90e3c thread_start + 8\n\n/opt/homebrew/lib/python3.13/site-packages/selenium/webdriver/support/wait.py:105: TimeoutException"}, "description": "Тест проверяет отображение заполненных полей", "steps": [{"name": "Открытие браузера", "status": "passed", "start": 1737489918244, "stop": 1737489918244}, {"name": "Заполнили форму 'куда'", "status": "passed", "start": 1737489918244, "stop": 1737489923900}, {"name": "Заполнили форму 'когда'", "status": "broken", "statusDetails": {"message": "selenium.common.exceptions.TimeoutException: Message: \nStacktrace:\n0   chromedriver                        0x00000001052b2138 cxxbridge1$str$ptr + 3653888\n1   chromedriver                        0x00000001052aa988 cxxbridge1$str$ptr + 3623248\n2   chromedriver                        0x0000000104d10968 cxxbridge1$string$len + 89228\n3   chromedriver                        0x0000000104d54d4c cxxbridge1$string$len + 368752\n4   chromedriver                        0x0000000104d8e4f0 cxxbridge1$string$len + 604180\n5   chromedriver                        0x0000000104d49564 cxxbridge1$string$len + 321672\n6   chromedriver                        0x0000000104d4a1b4 cxxbridge1$string$len + 324824\n7   chromedriver                        0x000000010527cfc0 cxxbridge1$str$ptr + 3436424\n8   chromedriver                        0x00000001052802dc cxxbridge1$str$ptr + 3449508\n9   chromedriver                        0x0000000105263e60 cxxbridge1$str$ptr + 3333672\n10  chromedriver                        0x0000000105280b9c cxxbridge1$str$ptr + 3451748\n11  chromedriver                        0x0000000105255678 cxxbridge1$str$ptr + 3274304\n12  chromedriver                        0x000000010529b2b4 cxxbridge1$str$ptr + 3560060\n13  chromedriver                        0x000000010529b430 cxxbridge1$str$ptr + 3560440\n14  chromedriver                        0x00000001052aa5fc cxxbridge1$str$ptr + 3622340\n15  libsystem_pthread.dylib             0x000000018ce96034 _pthread_start + 136\n16  libsystem_pthread.dylib             0x000000018ce90e3c thread_start + 8\n\n", "trace": "  File \"/Users/andreykireenkov/Desktop/ПИТОН/testPy/tests/test_ui.py\", line 48, in test_fill_search_form\n    main_page.sendkeys_start_end_date_field(\"04.02.2025\", \"15.02.2025\")\n    ~~~~~~~~~~~~~~~~~~~~~~~~~~~~~~~~~~~~~~~^^^^^^^^^^^^^^^^^^^^^^^^^^^^\n  File \"/Users/andreykireenkov/Desktop/ПИТОН/testPy/page_objects/main_page.py\", line 39, in sendkeys_start_end_date_field\n    modal_element = WebDriverWait(main.driver, 10).until(\n        EC.presence_of_element_located((By.CSS_SELECTOR, \".modal-content\"))\n    )\n  File \"/opt/homebrew/lib/python3.13/site-packages/selenium/webdriver/support/wait.py\", line 105, in until\n    raise TimeoutException(message, screen, stacktrace)\n"}, "start": 1737489923900, "stop": 1737489934211}], "start": 1737489918243, "stop": 1737489934215, "uuid": "df3535e3-0e09-497e-9bc7-0453401a401e", "historyId": "e1b5fe0a39203d332ff6612adbd51f43", "testCaseId": "e1b5fe0a39203d332ff6612adbd51f43", "fullName": "tests.test_ui#test_fill_search_form", "labels": [{"name": "severity", "value": "critical"}, {"name": "parentSuite", "value": "tests"}, {"name": "suite", "value": "test_ui"}, {"name": "host", "value": "MacBook-Air-Andrej.local"}, {"name": "thread", "value": "62503-MainThread"}, {"name": "framework", "value": "pytest"}, {"name": "language", "value": "cpython3"}, {"name": "package", "value": "tests.test_ui"}]}