{"name": "Заполнение формы поиска", "status": "broken", "statusDetails": {"message": "selenium.common.exceptions.JavascriptException: Message: javascript error: arguments[0].scrollIntoView is not a function\n  (Session info: chrome=131.0.6778.265)\nStacktrace:\n0   chromedriver                        0x0000000100666138 cxxbridge1$str$ptr + 3653888\n1   chromedriver                        0x000000010065e988 cxxbridge1$str$ptr + 3623248\n2   chromedriver                        0x00000001000c4968 cxxbridge1$string$len + 89228\n3   chromedriver                        0x00000001000c984c cxxbridge1$string$len + 109424\n4   chromedriver                        0x00000001000cbb3c cxxbridge1$string$len + 118368\n5   chromedriver                        0x0000000100142d44 cxxbridge1$string$len + 606312\n6   chromedriver                        0x00000001001424f0 cxxbridge1$string$len + 604180\n7   chromedriver                        0x00000001000fd564 cxxbridge1$string$len + 321672\n8   chromedriver                        0x00000001000fe1b4 cxxbridge1$string$len + 324824\n9   chromedriver                        0x0000000100630fc0 cxxbridge1$str$ptr + 3436424\n10  chromedriver                        0x00000001006342dc cxxbridge1$str$ptr + 3449508\n11  chromedriver                        0x0000000100617e60 cxxbridge1$str$ptr + 3333672\n12  chromedriver                        0x0000000100634b9c cxxbridge1$str$ptr + 3451748\n13  chromedriver                        0x0000000100609678 cxxbridge1$str$ptr + 3274304\n14  chromedriver                        0x000000010064f2b4 cxxbridge1$str$ptr + 3560060\n15  chromedriver                        0x000000010064f430 cxxbridge1$str$ptr + 3560440\n16  chromedriver                        0x000000010065e5fc cxxbridge1$str$ptr + 3622340\n17  libsystem_pthread.dylib             0x000000018ce96034 _pthread_start + 136\n18  libsystem_pthread.dylib             0x000000018ce90e3c thread_start + 8", "trace": "browser = <selenium.webdriver.chrome.webdriver.WebDriver (session=\"795db10137d88d6e637411273aca8962\")>\n\n    @allure.title(\"Заполнение формы поиска\")\n    @allure.description(\"Тест проверяет отображение заполненных полей\")\n    @allure.severity(allure.severity_level.CRITICAL)\n    def test_fill_search_form(browser):\n        with allure.step(\"Открытие браузера\"):\n            main_page = MainPage(browser)\n        # Заполнение формы \"куда\"\n        with allure.step(\"Заполнили форму 'куда'\"):\n            main_page.sendkeys_destination_input(\"Москва\")\n    \n        # Заполнение формы \"когда\"\n        with allure.step(\"Заполнили форму 'когда'\"):\n>           main_page.sendkeys_start_end_date_field(\"04.02.2025\", \"15.02.2025\")\n\ntests/test_ui.py:48: \n_ _ _ _ _ _ _ _ _ _ _ _ _ _ _ _ _ _ _ _ _ _ _ _ _ _ _ _ _ _ _ _ _ _ _ _ _ _ _ _ _ _ _ _ _ _ _ _ _ _ _ _ _ _ _ _ _ _ _ _ _ _ _ _ _ _ _ _ _ _ _\npage_objects/main_page.py:35: in sendkeys_start_end_date_field\n    main.driver.execute_script(\"arguments[0].scrollIntoView(true);\", (By.CSS_SELECTOR, \".modal-content\"))\n/opt/homebrew/lib/python3.13/site-packages/selenium/webdriver/remote/webdriver.py:444: in execute_script\n    return self.execute(command, {\"script\": script, \"args\": converted_args})[\"value\"]\n/opt/homebrew/lib/python3.13/site-packages/selenium/webdriver/remote/webdriver.py:384: in execute\n    self.error_handler.check_response(response)\n_ _ _ _ _ _ _ _ _ _ _ _ _ _ _ _ _ _ _ _ _ _ _ _ _ _ _ _ _ _ _ _ _ _ _ _ _ _ _ _ _ _ _ _ _ _ _ _ _ _ _ _ _ _ _ _ _ _ _ _ _ _ _ _ _ _ _ _ _ _ _\n\nself = <selenium.webdriver.remote.errorhandler.ErrorHandler object at 0x10714d550>\nresponse = {'status': 500, 'value': '{\"value\":{\"error\":\"javascript error\",\"message\":\"javascript error: arguments[0].scrollIntoVie...00018ce96034 _pthread_start + 136\\\\n18  libsystem_pthread.dylib             0x000000018ce90e3c thread_start + 8\\\\n\"}}'}\n\n    def check_response(self, response: Dict[str, Any]) -> None:\n        \"\"\"Checks that a JSON response from the WebDriver does not have an\n        error.\n    \n        :Args:\n         - response - The JSON response from the WebDriver server as a dictionary\n           object.\n    \n        :Raises: If the response contains an error message.\n        \"\"\"\n        status = response.get(\"status\", None)\n        if not status or status == ErrorCode.SUCCESS:\n            return\n        value = None\n        message = response.get(\"message\", \"\")\n        screen: str = response.get(\"screen\", \"\")\n        stacktrace = None\n        if isinstance(status, int):\n            value_json = response.get(\"value\", None)\n            if value_json and isinstance(value_json, str):\n                import json\n    \n                try:\n                    value = json.loads(value_json)\n                    if len(value) == 1:\n                        value = value[\"value\"]\n                    status = value.get(\"error\", None)\n                    if not status:\n                        status = value.get(\"status\", ErrorCode.UNKNOWN_ERROR)\n                        message = value.get(\"value\") or value.get(\"message\")\n                        if not isinstance(message, str):\n                            value = message\n                            message = message.get(\"message\")\n                    else:\n                        message = value.get(\"message\", None)\n                except ValueError:\n                    pass\n    \n        exception_class: Type[WebDriverException]\n        e = ErrorCode()\n        error_codes = [item for item in dir(e) if not item.startswith(\"__\")]\n        for error_code in error_codes:\n            error_info = getattr(ErrorCode, error_code)\n            if isinstance(error_info, list) and status in error_info:\n                exception_class = getattr(ExceptionMapping, error_code, WebDriverException)\n                break\n        else:\n            exception_class = WebDriverException\n    \n        if not value:\n            value = response[\"value\"]\n        if isinstance(value, str):\n            raise exception_class(value)\n        if message == \"\" and \"message\" in value:\n            message = value[\"message\"]\n    \n        screen = None  # type: ignore[assignment]\n        if \"screen\" in value:\n            screen = value[\"screen\"]\n    \n        stacktrace = None\n        st_value = value.get(\"stackTrace\") or value.get(\"stacktrace\")\n        if st_value:\n            if isinstance(st_value, str):\n                stacktrace = st_value.split(\"\\n\")\n            else:\n                stacktrace = []\n                try:\n                    for frame in st_value:\n                        line = frame.get(\"lineNumber\", \"\")\n                        file = frame.get(\"fileName\", \"<anonymous>\")\n                        if line:\n                            file = f\"{file}:{line}\"\n                        meth = frame.get(\"methodName\", \"<anonymous>\")\n                        if \"className\" in frame:\n                            meth = f\"{frame['className']}.{meth}\"\n                        msg = \"    at %s (%s)\"\n                        msg = msg % (meth, file)\n                        stacktrace.append(msg)\n                except TypeError:\n                    pass\n        if exception_class == UnexpectedAlertPresentException:\n            alert_text = None\n            if \"data\" in value:\n                alert_text = value[\"data\"].get(\"text\")\n            elif \"alert\" in value:\n                alert_text = value[\"alert\"].get(\"text\")\n            raise exception_class(message, screen, stacktrace, alert_text)  # type: ignore[call-arg]  # mypy is not smart enough here\n>       raise exception_class(message, screen, stacktrace)\nE       selenium.common.exceptions.JavascriptException: Message: javascript error: arguments[0].scrollIntoView is not a function\nE         (Session info: chrome=131.0.6778.265)\nE       Stacktrace:\nE       0   chromedriver                        0x0000000100666138 cxxbridge1$str$ptr + 3653888\nE       1   chromedriver                        0x000000010065e988 cxxbridge1$str$ptr + 3623248\nE       2   chromedriver                        0x00000001000c4968 cxxbridge1$string$len + 89228\nE       3   chromedriver                        0x00000001000c984c cxxbridge1$string$len + 109424\nE       4   chromedriver                        0x00000001000cbb3c cxxbridge1$string$len + 118368\nE       5   chromedriver                        0x0000000100142d44 cxxbridge1$string$len + 606312\nE       6   chromedriver                        0x00000001001424f0 cxxbridge1$string$len + 604180\nE       7   chromedriver                        0x00000001000fd564 cxxbridge1$string$len + 321672\nE       8   chromedriver                        0x00000001000fe1b4 cxxbridge1$string$len + 324824\nE       9   chromedriver                        0x0000000100630fc0 cxxbridge1$str$ptr + 3436424\nE       10  chromedriver                        0x00000001006342dc cxxbridge1$str$ptr + 3449508\nE       11  chromedriver                        0x0000000100617e60 cxxbridge1$str$ptr + 3333672\nE       12  chromedriver                        0x0000000100634b9c cxxbridge1$str$ptr + 3451748\nE       13  chromedriver                        0x0000000100609678 cxxbridge1$str$ptr + 3274304\nE       14  chromedriver                        0x000000010064f2b4 cxxbridge1$str$ptr + 3560060\nE       15  chromedriver                        0x000000010064f430 cxxbridge1$str$ptr + 3560440\nE       16  chromedriver                        0x000000010065e5fc cxxbridge1$str$ptr + 3622340\nE       17  libsystem_pthread.dylib             0x000000018ce96034 _pthread_start + 136\nE       18  libsystem_pthread.dylib             0x000000018ce90e3c thread_start + 8\n\n/opt/homebrew/lib/python3.13/site-packages/selenium/webdriver/remote/errorhandler.py:232: JavascriptException"}, "description": "Тест проверяет отображение заполненных полей", "steps": [{"name": "Открытие браузера", "status": "passed", "start": 1737489585354, "stop": 1737489585354}, {"name": "Заполнили форму 'куда'", "status": "passed", "start": 1737489585354, "stop": 1737489585491}, {"name": "Заполнили форму 'когда'", "status": "broken", "statusDetails": {"message": "selenium.common.exceptions.JavascriptException: Message: javascript error: arguments[0].scrollIntoView is not a function\n  (Session info: chrome=131.0.6778.265)\nStacktrace:\n0   chromedriver                        0x0000000100666138 cxxbridge1$str$ptr + 3653888\n1   chromedriver                        0x000000010065e988 cxxbridge1$str$ptr + 3623248\n2   chromedriver                        0x00000001000c4968 cxxbridge1$string$len + 89228\n3   chromedriver                        0x00000001000c984c cxxbridge1$string$len + 109424\n4   chromedriver                        0x00000001000cbb3c cxxbridge1$string$len + 118368\n5   chromedriver                        0x0000000100142d44 cxxbridge1$string$len + 606312\n6   chromedriver                        0x00000001001424f0 cxxbridge1$string$len + 604180\n7   chromedriver                        0x00000001000fd564 cxxbridge1$string$len + 321672\n8   chromedriver                        0x00000001000fe1b4 cxxbridge1$string$len + 324824\n9   chromedriver                        0x0000000100630fc0 cxxbridge1$str$ptr + 3436424\n10  chromedriver                        0x00000001006342dc cxxbridge1$str$ptr + 3449508\n11  chromedriver                        0x0000000100617e60 cxxbridge1$str$ptr + 3333672\n12  chromedriver                        0x0000000100634b9c cxxbridge1$str$ptr + 3451748\n13  chromedriver                        0x0000000100609678 cxxbridge1$str$ptr + 3274304\n14  chromedriver                        0x000000010064f2b4 cxxbridge1$str$ptr + 3560060\n15  chromedriver                        0x000000010064f430 cxxbridge1$str$ptr + 3560440\n16  chromedriver                        0x000000010065e5fc cxxbridge1$str$ptr + 3622340\n17  libsystem_pthread.dylib             0x000000018ce96034 _pthread_start + 136\n18  libsystem_pthread.dylib             0x000000018ce90e3c thread_start + 8\n\n", "trace": "  File \"/Users/andreykireenkov/Desktop/ПИТОН/testPy/tests/test_ui.py\", line 48, in test_fill_search_form\n    main_page.sendkeys_start_end_date_field(\"04.02.2025\", \"15.02.2025\")\n    ~~~~~~~~~~~~~~~~~~~~~~~~~~~~~~~~~~~~~~~^^^^^^^^^^^^^^^^^^^^^^^^^^^^\n  File \"/Users/andreykireenkov/Desktop/ПИТОН/testPy/page_objects/main_page.py\", line 35, in sendkeys_start_end_date_field\n    main.driver.execute_script(\"arguments[0].scrollIntoView(true);\", (By.CSS_SELECTOR, \".modal-content\"))\n    ~~~~~~~~~~~~~~~~~~~~~~~~~~^^^^^^^^^^^^^^^^^^^^^^^^^^^^^^^^^^^^^^^^^^^^^^^^^^^^^^^^^^^^^^^^^^^^^^^^^^^\n  File \"/opt/homebrew/lib/python3.13/site-packages/selenium/webdriver/remote/webdriver.py\", line 444, in execute_script\n    return self.execute(command, {\"script\": script, \"args\": converted_args})[\"value\"]\n           ~~~~~~~~~~~~^^^^^^^^^^^^^^^^^^^^^^^^^^^^^^^^^^^^^^^^^^^^^^^^^^^^^\n  File \"/opt/homebrew/lib/python3.13/site-packages/selenium/webdriver/remote/webdriver.py\", line 384, in execute\n    self.error_handler.check_response(response)\n    ~~~~~~~~~~~~~~~~~~~~~~~~~~~~~~~~~^^^^^^^^^^\n  File \"/opt/homebrew/lib/python3.13/site-packages/selenium/webdriver/remote/errorhandler.py\", line 232, in check_response\n    raise exception_class(message, screen, stacktrace)\n"}, "start": 1737489585491, "stop": 1737489585587}], "start": 1737489585354, "stop": 1737489585590, "uuid": "1cb5c725-b6ed-493f-ba3e-33db6d622f46", "historyId": "e1b5fe0a39203d332ff6612adbd51f43", "testCaseId": "e1b5fe0a39203d332ff6612adbd51f43", "fullName": "tests.test_ui#test_fill_search_form", "labels": [{"name": "severity", "value": "critical"}, {"name": "parentSuite", "value": "tests"}, {"name": "suite", "value": "test_ui"}, {"name": "host", "value": "MacBook-Air-Andrej.local"}, {"name": "thread", "value": "61472-MainThread"}, {"name": "framework", "value": "pytest"}, {"name": "language", "value": "cpython3"}, {"name": "package", "value": "tests.test_ui"}]}