{"name": "Заполнение формы поиска", "status": "failed", "statusDetails": {"message": "AssertionError: assert '4 февраля, вт' == '2 февраля, вс'\n  \n  - 2 февраля, вс\n  ? ^           ^\n  + 4 февраля, вт\n  ? ^           ^", "trace": "browser = <selenium.webdriver.chrome.webdriver.WebDriver (session=\"7869e0f01127076ca399b667fd45c107\")>\n\n    @allure.title(\"Заполнение формы поиска\")\n    @allure.description(\"Тест проверяет отображение заполненных полей\")\n    @allure.severity(allure.severity_level.CRITICAL)\n    def test_fill_search_form(browser):\n        with allure.step(\"Открытие браузера\"):\n            main_page = MainPage(browser)\n        # Заполнение формы \"куда\"\n        with allure.step(\"Заполнили форму 'куда'\"):\n            main_page.sendkeys_destination_input(\"Москва\")\n    \n        # Заполнение формы \"когда\"\n        with allure.step(\"Заполнили форму 'когда'\"):\n            main_page.sendkeys_start_end_date_field(\"04.02.2025\", \"15.02.2025\")\n    \n        # Заполнение формы \"обратно\"\n      #  with allure.step(\"Заполнили форму 'обратно'\"):\n       #     main_page.sendkeys_end_date_field(\"2025-10-16\")\n    \n        time.sleep(10)\n    \n        # Проверка заполненных значений\n        with allure.step(\"Выполнили проверку заполненных значений\"):\n            assert browser.find_element(By.XPATH, \"//input[@data-test-id='destination-input']\").get_attribute(\"value\") == \"Москва\"\n>           assert browser.find_element(By.XPATH, \"//button[@data-test-id='start-date-field']\").text == \"2 февраля, вс\"\nE           AssertionError: assert '4 февраля, вт' == '2 февраля, вс'\nE             \nE             - 2 февраля, вс\nE             ? ^           ^\nE             + 4 февраля, вт\nE             ? ^           ^\n\ntests/test_ui.py:59: AssertionError"}, "description": "Тест проверяет отображение заполненных полей", "steps": [{"name": "Открытие браузера", "status": "passed", "start": 1737489317099, "stop": 1737489317099}, {"name": "Заполнили форму 'куда'", "status": "passed", "start": 1737489317099, "stop": 1737489317247}, {"name": "Заполнили форму 'когда'", "status": "passed", "start": 1737489317247, "stop": 1737489317530}, {"name": "Выполнили проверку заполненных значений", "status": "failed", "statusDetails": {"message": "AssertionError: assert '4 февраля, вт' == '2 февраля, вс'\n  \n  - 2 февраля, вс\n  ? ^           ^\n  + 4 февраля, вт\n  ? ^           ^\n", "trace": "  File \"/Users/andreykireenkov/Desktop/ПИТОН/testPy/tests/test_ui.py\", line 59, in test_fill_search_form\n    assert browser.find_element(By.XPATH, \"//button[@data-test-id='start-date-field']\").text == \"2 февраля, вс\"\n"}, "start": 1737489327535, "stop": 1737489327559}], "start": 1737489317099, "stop": 1737489327560, "uuid": "7c8cba24-06f4-4762-b1ef-1aa7f84bd09a", "historyId": "e1b5fe0a39203d332ff6612adbd51f43", "testCaseId": "e1b5fe0a39203d332ff6612adbd51f43", "fullName": "tests.test_ui#test_fill_search_form", "labels": [{"name": "severity", "value": "critical"}, {"name": "parentSuite", "value": "tests"}, {"name": "suite", "value": "test_ui"}, {"name": "host", "value": "MacBook-Air-Andrej.local"}, {"name": "thread", "value": "60523-MainThread"}, {"name": "framework", "value": "pytest"}, {"name": "language", "value": "cpython3"}, {"name": "package", "value": "tests.test_ui"}]}