{"name": "Поиск билетов", "status": "broken", "statusDetails": {"message": "selenium.common.exceptions.TimeoutException: Message: \nStacktrace:\n0   chromedriver                        0x0000000102f32138 cxxbridge1$str$ptr + 3653888\n1   chromedriver                        0x0000000102f2a988 cxxbridge1$str$ptr + 3623248\n2   chromedriver                        0x0000000102990968 cxxbridge1$string$len + 89228\n3   chromedriver                        0x00000001029d4d4c cxxbridge1$string$len + 368752\n4   chromedriver                        0x0000000102a0e4f0 cxxbridge1$string$len + 604180\n5   chromedriver                        0x00000001029c9564 cxxbridge1$string$len + 321672\n6   chromedriver                        0x00000001029ca1b4 cxxbridge1$string$len + 324824\n7   chromedriver                        0x0000000102efcfc0 cxxbridge1$str$ptr + 3436424\n8   chromedriver                        0x0000000102f002dc cxxbridge1$str$ptr + 3449508\n9   chromedriver                        0x0000000102ee3e60 cxxbridge1$str$ptr + 3333672\n10  chromedriver                        0x0000000102f00b9c cxxbridge1$str$ptr + 3451748\n11  chromedriver                        0x0000000102ed5678 cxxbridge1$str$ptr + 3274304\n12  chromedriver                        0x0000000102f1b2b4 cxxbridge1$str$ptr + 3560060\n13  chromedriver                        0x0000000102f1b430 cxxbridge1$str$ptr + 3560440\n14  chromedriver                        0x0000000102f2a5fc cxxbridge1$str$ptr + 3622340\n15  libsystem_pthread.dylib             0x000000018ce96034 _pthread_start + 136\n16  libsystem_pthread.dylib             0x000000018ce90e3c thread_start + 8", "trace": "browser = <selenium.webdriver.chrome.webdriver.WebDriver (session=\"833a86862a04cba0efb82033a9a24853\")>\n\n    @allure.title(\"Поиск билетов\")\n    @allure.description(\"Выполнить поиск билетов\")\n    @allure.severity(allure.severity_level.CRITICAL)\n    def test_search_tickets(browser):\n        main_page = MainPage(browser)\n        main_page.sendkeys_destination_input(\"Стамбул\")\n        main_page.sendkeys_start_end_date_field(\"01.02.2025\", \"05.02.2025\")\n        main_page.click_submit_button()\n>       results = main_page.get_results()\n\ntests/test_ui.py:54: \n_ _ _ _ _ _ _ _ _ _ _ _ _ _ _ _ _ _ _ _ _ _ _ _ _ _ _ _ _ _ _ _ _ _ _ _ _ _ _ _ _ _ _ _ _ _ _ _ _ _ _ _ _ _ _ _ _ _ _ _ _ _ _ _ _ _ _ _ _ _ _ _ _ _ _ _ _ _ _ _ _ _ _ _\npages/main_page.py:52: in get_results\n    return self.wait_and_find_element(MainPageLocators.RESULTS)\npages/base_page.py:10: in wait_and_find_element\n    WebDriverWait(self.driver, 10).until(expected_conditions.visibility_of_element_located(locator))\n_ _ _ _ _ _ _ _ _ _ _ _ _ _ _ _ _ _ _ _ _ _ _ _ _ _ _ _ _ _ _ _ _ _ _ _ _ _ _ _ _ _ _ _ _ _ _ _ _ _ _ _ _ _ _ _ _ _ _ _ _ _ _ _ _ _ _ _ _ _ _ _ _ _ _ _ _ _ _ _ _ _ _ _\n\nself = <selenium.webdriver.support.wait.WebDriverWait (session=\"833a86862a04cba0efb82033a9a24853\")>\nmethod = <function visibility_of_element_located.<locals>._predicate at 0x1024cd120>, message = ''\n\n    def until(self, method: Callable[[D], Union[Literal[False], T]], message: str = \"\") -> T:\n        \"\"\"Calls the method provided with the driver as an argument until the \\\n        return value does not evaluate to ``False``.\n    \n        :param method: callable(WebDriver)\n        :param message: optional message for :exc:`TimeoutException`\n        :returns: the result of the last call to `method`\n        :raises: :exc:`selenium.common.exceptions.TimeoutException` if timeout occurs\n        \"\"\"\n        screen = None\n        stacktrace = None\n    \n        end_time = time.monotonic() + self._timeout\n        while True:\n            try:\n                value = method(self._driver)\n                if value:\n                    return value\n            except self._ignored_exceptions as exc:\n                screen = getattr(exc, \"screen\", None)\n                stacktrace = getattr(exc, \"stacktrace\", None)\n            if time.monotonic() > end_time:\n                break\n            time.sleep(self._poll)\n>       raise TimeoutException(message, screen, stacktrace)\nE       selenium.common.exceptions.TimeoutException: Message: \nE       Stacktrace:\nE       0   chromedriver                        0x0000000102f32138 cxxbridge1$str$ptr + 3653888\nE       1   chromedriver                        0x0000000102f2a988 cxxbridge1$str$ptr + 3623248\nE       2   chromedriver                        0x0000000102990968 cxxbridge1$string$len + 89228\nE       3   chromedriver                        0x00000001029d4d4c cxxbridge1$string$len + 368752\nE       4   chromedriver                        0x0000000102a0e4f0 cxxbridge1$string$len + 604180\nE       5   chromedriver                        0x00000001029c9564 cxxbridge1$string$len + 321672\nE       6   chromedriver                        0x00000001029ca1b4 cxxbridge1$string$len + 324824\nE       7   chromedriver                        0x0000000102efcfc0 cxxbridge1$str$ptr + 3436424\nE       8   chromedriver                        0x0000000102f002dc cxxbridge1$str$ptr + 3449508\nE       9   chromedriver                        0x0000000102ee3e60 cxxbridge1$str$ptr + 3333672\nE       10  chromedriver                        0x0000000102f00b9c cxxbridge1$str$ptr + 3451748\nE       11  chromedriver                        0x0000000102ed5678 cxxbridge1$str$ptr + 3274304\nE       12  chromedriver                        0x0000000102f1b2b4 cxxbridge1$str$ptr + 3560060\nE       13  chromedriver                        0x0000000102f1b430 cxxbridge1$str$ptr + 3560440\nE       14  chromedriver                        0x0000000102f2a5fc cxxbridge1$str$ptr + 3622340\nE       15  libsystem_pthread.dylib             0x000000018ce96034 _pthread_start + 136\nE       16  libsystem_pthread.dylib             0x000000018ce90e3c thread_start + 8\n\n/opt/homebrew/lib/python3.13/site-packages/selenium/webdriver/support/wait.py:105: TimeoutException"}, "description": "Выполнить поиск билетов", "start": 1737634497021, "stop": 1737634587585, "uuid": "f5607589-d53d-4112-9e07-8d72ba43d823", "historyId": "dee20881171d154a9da42a79e72bd0f0", "testCaseId": "dee20881171d154a9da42a79e72bd0f0", "fullName": "tests.test_ui#test_search_tickets", "labels": [{"name": "severity", "value": "critical"}, {"name": "parentSuite", "value": "tests"}, {"name": "suite", "value": "test_ui"}, {"name": "host", "value": "MacBook-Air-Andrej.local"}, {"name": "thread", "value": "15689-MainThread"}, {"name": "framework", "value": "pytest"}, {"name": "language", "value": "cpython3"}, {"name": "package", "value": "tests.test_ui"}]}