{"name": "Поиск билетов", "status": "broken", "statusDetails": {"message": "selenium.common.exceptions.NoSuchElementException: Message: no such element: Unable to locate element: {\"method\":\"css selector\",\"selector\":\"[data-test-id='anywhere']\"}\n  (Session info: chrome=131.0.6778.265); For documentation on this error, please visit: https://www.selenium.dev/documentation/webdriver/troubleshooting/errors#no-such-element-exception\nStacktrace:\n0   chromedriver                        0x0000000101212138 cxxbridge1$str$ptr + 3653888\n1   chromedriver                        0x000000010120a988 cxxbridge1$str$ptr + 3623248\n2   chromedriver                        0x0000000100c70968 cxxbridge1$string$len + 89228\n3   chromedriver                        0x0000000100cb4d4c cxxbridge1$string$len + 368752\n4   chromedriver                        0x0000000100cee4f0 cxxbridge1$string$len + 604180\n5   chromedriver                        0x0000000100ca9564 cxxbridge1$string$len + 321672\n6   chromedriver                        0x0000000100caa1b4 cxxbridge1$string$len + 324824\n7   chromedriver                        0x00000001011dcfc0 cxxbridge1$str$ptr + 3436424\n8   chromedriver                        0x00000001011e02dc cxxbridge1$str$ptr + 3449508\n9   chromedriver                        0x00000001011c3e60 cxxbridge1$str$ptr + 3333672\n10  chromedriver                        0x00000001011e0b9c cxxbridge1$str$ptr + 3451748\n11  chromedriver                        0x00000001011b5678 cxxbridge1$str$ptr + 3274304\n12  chromedriver                        0x00000001011fb2b4 cxxbridge1$str$ptr + 3560060\n13  chromedriver                        0x00000001011fb430 cxxbridge1$str$ptr + 3560440\n14  chromedriver                        0x000000010120a5fc cxxbridge1$str$ptr + 3622340\n15  libsystem_pthread.dylib             0x000000018ce96034 _pthread_start + 136\n16  libsystem_pthread.dylib             0x000000018ce90e3c thread_start + 8", "trace": "browser = <selenium.webdriver.chrome.webdriver.WebDriver (session=\"ff1ec5846258f688dd66db4f0b9c16e1\")>\n\n    @allure.title(\"Поиск билетов\")\n    @allure.description(\"Выполнить поиск билетов\")\n    @allure.severity(allure.severity_level.CRITICAL)\n    def test_search_tickets(browser):\n        with allure.step(\"Открытие браузера\"):\n            main_page = MainPage(browser)\n    \n        # Заполнение необходимых полей\n        with allure.step(\"Заполнили форму 'куда'\"):\n            browser.find_element(By.CSS_SELECTOR, \"[data-test-id='destination-input']\").click()\n>           browser.find_element(By.CSS_SELECTOR, \"[data-test-id='anywhere']\").click()\n\ntests/test_ui.py:70: \n_ _ _ _ _ _ _ _ _ _ _ _ _ _ _ _ _ _ _ _ _ _ _ _ _ _ _ _ _ _ _ _ _ _ _ _ _ _ _ _ _ _ _ _ _ _ _ _ _ _ _ _ _ _ _ _ _ _ _ _ _ _ _ _ _ _ _ _ _ _ _\n/opt/homebrew/lib/python3.13/site-packages/selenium/webdriver/remote/webdriver.py:770: in find_element\n    return self.execute(Command.FIND_ELEMENT, {\"using\": by, \"value\": value})[\"value\"]\n/opt/homebrew/lib/python3.13/site-packages/selenium/webdriver/remote/webdriver.py:384: in execute\n    self.error_handler.check_response(response)\n_ _ _ _ _ _ _ _ _ _ _ _ _ _ _ _ _ _ _ _ _ _ _ _ _ _ _ _ _ _ _ _ _ _ _ _ _ _ _ _ _ _ _ _ _ _ _ _ _ _ _ _ _ _ _ _ _ _ _ _ _ _ _ _ _ _ _ _ _ _ _\n\nself = <selenium.webdriver.remote.errorhandler.ErrorHandler object at 0x104b2a120>\nresponse = {'status': 404, 'value': '{\"value\":{\"error\":\"no such element\",\"message\":\"no such element: Unable to locate element: {\\...00018ce96034 _pthread_start + 136\\\\n16  libsystem_pthread.dylib             0x000000018ce90e3c thread_start + 8\\\\n\"}}'}\n\n    def check_response(self, response: Dict[str, Any]) -> None:\n        \"\"\"Checks that a JSON response from the WebDriver does not have an\n        error.\n    \n        :Args:\n         - response - The JSON response from the WebDriver server as a dictionary\n           object.\n    \n        :Raises: If the response contains an error message.\n        \"\"\"\n        status = response.get(\"status\", None)\n        if not status or status == ErrorCode.SUCCESS:\n            return\n        value = None\n        message = response.get(\"message\", \"\")\n        screen: str = response.get(\"screen\", \"\")\n        stacktrace = None\n        if isinstance(status, int):\n            value_json = response.get(\"value\", None)\n            if value_json and isinstance(value_json, str):\n                import json\n    \n                try:\n                    value = json.loads(value_json)\n                    if len(value) == 1:\n                        value = value[\"value\"]\n                    status = value.get(\"error\", None)\n                    if not status:\n                        status = value.get(\"status\", ErrorCode.UNKNOWN_ERROR)\n                        message = value.get(\"value\") or value.get(\"message\")\n                        if not isinstance(message, str):\n                            value = message\n                            message = message.get(\"message\")\n                    else:\n                        message = value.get(\"message\", None)\n                except ValueError:\n                    pass\n    \n        exception_class: Type[WebDriverException]\n        e = ErrorCode()\n        error_codes = [item for item in dir(e) if not item.startswith(\"__\")]\n        for error_code in error_codes:\n            error_info = getattr(ErrorCode, error_code)\n            if isinstance(error_info, list) and status in error_info:\n                exception_class = getattr(ExceptionMapping, error_code, WebDriverException)\n                break\n        else:\n            exception_class = WebDriverException\n    \n        if not value:\n            value = response[\"value\"]\n        if isinstance(value, str):\n            raise exception_class(value)\n        if message == \"\" and \"message\" in value:\n            message = value[\"message\"]\n    \n        screen = None  # type: ignore[assignment]\n        if \"screen\" in value:\n            screen = value[\"screen\"]\n    \n        stacktrace = None\n        st_value = value.get(\"stackTrace\") or value.get(\"stacktrace\")\n        if st_value:\n            if isinstance(st_value, str):\n                stacktrace = st_value.split(\"\\n\")\n            else:\n                stacktrace = []\n                try:\n                    for frame in st_value:\n                        line = frame.get(\"lineNumber\", \"\")\n                        file = frame.get(\"fileName\", \"<anonymous>\")\n                        if line:\n                            file = f\"{file}:{line}\"\n                        meth = frame.get(\"methodName\", \"<anonymous>\")\n                        if \"className\" in frame:\n                            meth = f\"{frame['className']}.{meth}\"\n                        msg = \"    at %s (%s)\"\n                        msg = msg % (meth, file)\n                        stacktrace.append(msg)\n                except TypeError:\n                    pass\n        if exception_class == UnexpectedAlertPresentException:\n            alert_text = None\n            if \"data\" in value:\n                alert_text = value[\"data\"].get(\"text\")\n            elif \"alert\" in value:\n                alert_text = value[\"alert\"].get(\"text\")\n            raise exception_class(message, screen, stacktrace, alert_text)  # type: ignore[call-arg]  # mypy is not smart enough here\n>       raise exception_class(message, screen, stacktrace)\nE       selenium.common.exceptions.NoSuchElementException: Message: no such element: Unable to locate element: {\"method\":\"css selector\",\"selector\":\"[data-test-id='anywhere']\"}\nE         (Session info: chrome=131.0.6778.265); For documentation on this error, please visit: https://www.selenium.dev/documentation/webdriver/troubleshooting/errors#no-such-element-exception\nE       Stacktrace:\nE       0   chromedriver                        0x0000000101212138 cxxbridge1$str$ptr + 3653888\nE       1   chromedriver                        0x000000010120a988 cxxbridge1$str$ptr + 3623248\nE       2   chromedriver                        0x0000000100c70968 cxxbridge1$string$len + 89228\nE       3   chromedriver                        0x0000000100cb4d4c cxxbridge1$string$len + 368752\nE       4   chromedriver                        0x0000000100cee4f0 cxxbridge1$string$len + 604180\nE       5   chromedriver                        0x0000000100ca9564 cxxbridge1$string$len + 321672\nE       6   chromedriver                        0x0000000100caa1b4 cxxbridge1$string$len + 324824\nE       7   chromedriver                        0x00000001011dcfc0 cxxbridge1$str$ptr + 3436424\nE       8   chromedriver                        0x00000001011e02dc cxxbridge1$str$ptr + 3449508\nE       9   chromedriver                        0x00000001011c3e60 cxxbridge1$str$ptr + 3333672\nE       10  chromedriver                        0x00000001011e0b9c cxxbridge1$str$ptr + 3451748\nE       11  chromedriver                        0x00000001011b5678 cxxbridge1$str$ptr + 3274304\nE       12  chromedriver                        0x00000001011fb2b4 cxxbridge1$str$ptr + 3560060\nE       13  chromedriver                        0x00000001011fb430 cxxbridge1$str$ptr + 3560440\nE       14  chromedriver                        0x000000010120a5fc cxxbridge1$str$ptr + 3622340\nE       15  libsystem_pthread.dylib             0x000000018ce96034 _pthread_start + 136\nE       16  libsystem_pthread.dylib             0x000000018ce90e3c thread_start + 8\n\n/opt/homebrew/lib/python3.13/site-packages/selenium/webdriver/remote/errorhandler.py:232: NoSuchElementException"}, "description": "Выполнить поиск билетов", "steps": [{"name": "Открытие браузера", "status": "passed", "start": 1737491777565, "stop": 1737491777565}, {"name": "Заполнили форму 'куда'", "status": "broken", "statusDetails": {"message": "selenium.common.exceptions.NoSuchElementException: Message: no such element: Unable to locate element: {\"method\":\"css selector\",\"selector\":\"[data-test-id='anywhere']\"}\n  (Session info: chrome=131.0.6778.265); For documentation on this error, please visit: https://www.selenium.dev/documentation/webdriver/troubleshooting/errors#no-such-element-exception\nStacktrace:\n0   chromedriver                        0x0000000101212138 cxxbridge1$str$ptr + 3653888\n1   chromedriver                        0x000000010120a988 cxxbridge1$str$ptr + 3623248\n2   chromedriver                        0x0000000100c70968 cxxbridge1$string$len + 89228\n3   chromedriver                        0x0000000100cb4d4c cxxbridge1$string$len + 368752\n4   chromedriver                        0x0000000100cee4f0 cxxbridge1$string$len + 604180\n5   chromedriver                        0x0000000100ca9564 cxxbridge1$string$len + 321672\n6   chromedriver                        0x0000000100caa1b4 cxxbridge1$string$len + 324824\n7   chromedriver                        0x00000001011dcfc0 cxxbridge1$str$ptr + 3436424\n8   chromedriver                        0x00000001011e02dc cxxbridge1$str$ptr + 3449508\n9   chromedriver                        0x00000001011c3e60 cxxbridge1$str$ptr + 3333672\n10  chromedriver                        0x00000001011e0b9c cxxbridge1$str$ptr + 3451748\n11  chromedriver                        0x00000001011b5678 cxxbridge1$str$ptr + 3274304\n12  chromedriver                        0x00000001011fb2b4 cxxbridge1$str$ptr + 3560060\n13  chromedriver                        0x00000001011fb430 cxxbridge1$str$ptr + 3560440\n14  chromedriver                        0x000000010120a5fc cxxbridge1$str$ptr + 3622340\n15  libsystem_pthread.dylib             0x000000018ce96034 _pthread_start + 136\n16  libsystem_pthread.dylib             0x000000018ce90e3c thread_start + 8\n\n", "trace": "  File \"/Users/andreykireenkov/Desktop/ПИТОН/testPy/tests/test_ui.py\", line 70, in test_search_tickets\n    browser.find_element(By.CSS_SELECTOR, \"[data-test-id='anywhere']\").click()\n    ~~~~~~~~~~~~~~~~~~~~^^^^^^^^^^^^^^^^^^^^^^^^^^^^^^^^^^^^^^^^^^^^^^\n  File \"/opt/homebrew/lib/python3.13/site-packages/selenium/webdriver/remote/webdriver.py\", line 770, in find_element\n    return self.execute(Command.FIND_ELEMENT, {\"using\": by, \"value\": value})[\"value\"]\n           ~~~~~~~~~~~~^^^^^^^^^^^^^^^^^^^^^^^^^^^^^^^^^^^^^^^^^^^^^^^^^^^^^\n  File \"/opt/homebrew/lib/python3.13/site-packages/selenium/webdriver/remote/webdriver.py\", line 384, in execute\n    self.error_handler.check_response(response)\n    ~~~~~~~~~~~~~~~~~~~~~~~~~~~~~~~~~^^^^^^^^^^\n  File \"/opt/homebrew/lib/python3.13/site-packages/selenium/webdriver/remote/errorhandler.py\", line 232, in check_response\n    raise exception_class(message, screen, stacktrace)\n"}, "start": 1737491777565, "stop": 1737491781503}], "start": 1737491777565, "stop": 1737491781529, "uuid": "ea8fa0f6-0eee-4191-8d86-f01a612af7fd", "historyId": "dee20881171d154a9da42a79e72bd0f0", "testCaseId": "dee20881171d154a9da42a79e72bd0f0", "fullName": "tests.test_ui#test_search_tickets", "labels": [{"name": "severity", "value": "critical"}, {"name": "parentSuite", "value": "tests"}, {"name": "suite", "value": "test_ui"}, {"name": "host", "value": "MacBook-Air-Andrej.local"}, {"name": "thread", "value": "68508-MainThread"}, {"name": "framework", "value": "pytest"}, {"name": "language", "value": "cpython3"}, {"name": "package", "value": "tests.test_ui"}]}